<?xml version="1.0" encoding="UTF-8"?>
<!-- Generated by org.testng.reporters.JUnitXMLReporter -->
<testsuite ignored="0" hostname="DESKTOP-A4I1MGT" failures="1" tests="1" name="Test" time="16.535" errors="0" timestamp="2022-02-01T18:10:43 IST">
  <testcase classname="test_scripts.LoginTestScript" name="test" time="2.702">
    <failure type="java.lang.AssertionError" message="null">
      <![CDATA[java.lang.AssertionError: null
at test_scripts.LoginTestScript.test(LoginTestScript.java:27)
at java.base/java.util.ArrayList.forEach(ArrayList.java:1511)
... Removed 29 stack frames]]>
    </failure>
  </testcase> <!-- test -->
</testsuite> <!-- Test -->
